<?xml version="1.0" encoding="UTF-8"?>
<!-- Generated by org.testng.reporters.JUnitReportReporter -->
<testsuite hostname="Dinesh-PC" failures="0" tests="4" name="api.testCases.UserTest2" time="7.578" errors="0" timestamp="2025-05-03T20:28:00 CEST" skipped="0">
  <testcase classname="api.testCases.UserTest2" name="testCreateUser" time="2.250"/>
  <testcase classname="api.testCases.UserTest2" name="testGetUserData" time="2.865"/>
  <testcase classname="api.testCases.UserTest2" name="testUpdateUser" time="1.644"/>
  <testcase classname="api.testCases.UserTest2" name="testDeleteUser" time="0.819"/>
</testsuite> <!-- api.testCases.UserTest2 -->
