<?xml version="1.0" encoding="UTF-8"?>
<!-- Generated by org.testng.reporters.JUnitReportReporter -->
<testsuite hostname="Dinesh-PC" failures="0" tests="4" name="api.testCases.UserTest" time="7.623" errors="0" timestamp="2025-05-03T19:18:43 CEST" skipped="0">
  <testcase classname="api.testCases.UserTest" name="testCreateUser" time="2.250"/>
  <testcase classname="api.testCases.UserTest" name="testGetUserData" time="2.858"/>
  <testcase classname="api.testCases.UserTest" name="testUpdateUser" time="1.685"/>
  <testcase classname="api.testCases.UserTest" name="testDeleteUser" time="0.830"/>
</testsuite> <!-- api.testCases.UserTest -->
