<?xml version="1.0" encoding="UTF-8"?>
<!-- Generated by org.testng.reporters.JUnitReportReporter -->
<testsuite hostname="Dinesh-PC" failures="0" tests="4" name="api.testCases.UserTest" time="7.575" errors="0" timestamp="2025-05-04T11:54:49 CEST" skipped="0">
  <testcase classname="api.testCases.UserTest" name="testCreateUser" time="2.157"/>
  <testcase classname="api.testCases.UserTest" name="testGetUserData" time="2.922"/>
  <testcase classname="api.testCases.UserTest" name="testUpdateUser" time="1.666"/>
  <testcase classname="api.testCases.UserTest" name="testDeleteUser" time="0.830"/>
</testsuite> <!-- api.testCases.UserTest -->
